<?xml version="1.0" encoding="UTF-8" ?>
<testsuites disabled="0" errors="0" failures="0" tests="1" time="0.007">
 <testsuite name="firesocket" timestamp="2019-09-05T22:11:45" hostname="localhost" time="0.007" errors="0" tests="1" skipped="0" disabled="0" failures="0">
  <testcase classname="firesocket" name="address" time="0.005" />
 </testsuite>
</testsuites>